  [4;36;1mSQL (0.3ms)[0m   [0;1m SELECT name
 FROM sqlite_master
 WHERE type = 'table' AND NOT name = 'sqlite_sequence'
[0m
  [4;35;1mSQL (0.2ms)[0m   [0mselect sqlite_version(*)[0m
  [4;36;1mSQL (2.4ms)[0m   [0;1mCREATE TABLE "schema_migrations" ("version" varchar(255) NOT NULL) [0m
  [4;35;1mSQL (2.2ms)[0m   [0mCREATE UNIQUE INDEX "unique_schema_migrations" ON "schema_migrations" ("version")[0m
  [4;36;1mSQL (0.3ms)[0m   [0;1m SELECT name
 FROM sqlite_master
 WHERE type = 'table' AND NOT name = 'sqlite_sequence'
[0m
  [4;35;1mSQL (0.1ms)[0m   [0mSELECT version FROM schema_migrations[0m
Migrating to CreateInvoiceTrails (20090907094919)
  [4;36;1mSQL (0.8ms)[0m   [0;1mCREATE TABLE "invoice_trails" ("id" INTEGER PRIMARY KEY AUTOINCREMENT NOT NULL, "admission_date" date, "external_code" varchar(255), "last_name" varchar(255), "first_name" varchar(255), "gross_amount" decimal, "payed_amount" boolean, "discount" decimal, "payed" boolean, "payment_date" date, "invoice_number" integer, "notes" text, "created_at" datetime, "updated_at" datetime) [0m
  [4;35;1mSQL (0.3ms)[0m   [0mINSERT INTO schema_migrations (version) VALUES ('20090907094919')[0m
  [4;36;1mSQL (0.4ms)[0m   [0;1m SELECT name
 FROM sqlite_master
 WHERE type = 'table' AND NOT name = 'sqlite_sequence'
[0m
  [4;35;1mSQL (0.2ms)[0m   [0mSELECT version FROM schema_migrations[0m
  [4;36;1mSQL (0.2ms)[0m   [0;1m SELECT name
 FROM sqlite_master
 WHERE type = 'table' AND NOT name = 'sqlite_sequence'
[0m
  [4;35;1mSQL (0.1ms)[0m   [0mPRAGMA index_list("invoice_trails")[0m


Processing InvoiceTrailsController#index (for 127.0.0.1 at 2009-09-07 11:50:10) [GET]
  [4;36;1mInvoiceTrail Load (0.4ms)[0m   [0;1mSELECT * FROM "invoice_trails" [0m
Rendering invoice_trails/index

ActionView::TemplateError (undefined method `title' for #<ActionView::Base:0x18d8708>) on line #1 of app/views/invoice_trails/index.html.haml:
1: - title "Invoice Trails"
2: 
3: %table
4:   %tr

    app/views/invoice_trails/index.html.haml:1:in `_run_haml_app47views47invoice_trails47index46html46haml'
    haml (2.2.3) lib/haml/helpers/action_view_mods.rb:13:in `render'
    haml (2.2.3) lib/sass/plugin/rails.rb:19:in `process'

Rendered rescues/_trace (98.9ms)
Rendered rescues/_request_and_response (1.5ms)
Rendering rescues/layout (internal_server_error)
