

Processing InvoiceTrailsController#index (for 127.0.0.1 at 2009-09-07 17:24:39) [GET]

ActiveRecord::StatementInvalid (Could not find table 'invoice_trails'):
  app/controllers/invoice_trails_controller.rb:4:in `index'
  haml (2.2.3) lib/sass/plugin/rails.rb:19:in `process'
  passenger (2.1.2) lib/phusion_passenger/rack/request_handler.rb:65:in `process_request'
  passenger (2.1.2) lib/phusion_passenger/abstract_request_handler.rb:197:in `main_loop'
  passenger (2.1.2) lib/phusion_passenger/railz/application_spawner.rb:340:in `start_request_handler'
  passenger (2.1.2) lib/phusion_passenger/railz/application_spawner.rb:298:in `handle_spawn_application'
  passenger (2.1.2) lib/phusion_passenger/utils.rb:176:in `safe_fork'
  passenger (2.1.2) lib/phusion_passenger/railz/application_spawner.rb:296:in `handle_spawn_application'
  passenger (2.1.2) lib/phusion_passenger/abstract_server.rb:332:in `__send__'
  passenger (2.1.2) lib/phusion_passenger/abstract_server.rb:332:in `main_loop'
  passenger (2.1.2) lib/phusion_passenger/abstract_server.rb:182:in `start_synchronously'
  passenger (2.1.2) lib/phusion_passenger/abstract_server.rb:149:in `start'
  passenger (2.1.2) lib/phusion_passenger/railz/application_spawner.rb:192:in `start'
  passenger (2.1.2) lib/phusion_passenger/spawn_manager.rb:260:in `spawn_rails_application'
  passenger (2.1.2) lib/phusion_passenger/abstract_server_collection.rb:121:in `lookup_or_add'
  passenger (2.1.2) lib/phusion_passenger/spawn_manager.rb:254:in `spawn_rails_application'
  passenger (2.1.2) lib/phusion_passenger/abstract_server_collection.rb:75:in `synchronize'
  passenger (2.1.2) lib/phusion_passenger/abstract_server_collection.rb:74:in `synchronize'
  passenger (2.1.2) lib/phusion_passenger/spawn_manager.rb:253:in `spawn_rails_application'
  passenger (2.1.2) lib/phusion_passenger/spawn_manager.rb:148:in `spawn_application'
  passenger (2.1.2) lib/phusion_passenger/spawn_manager.rb:285:in `handle_spawn_application'
  passenger (2.1.2) lib/phusion_passenger/abstract_server.rb:332:in `__send__'
  passenger (2.1.2) lib/phusion_passenger/abstract_server.rb:332:in `main_loop'
  passenger (2.1.2) lib/phusion_passenger/abstract_server.rb:182:in `start_synchronously'

Rendering rescues/layout (internal_server_error)


Processing InvoiceTrailsController#index (for 127.0.0.1 at 2009-09-07 17:25:29) [GET]

ActiveRecord::StatementInvalid (Could not find table 'invoice_trails'):
  app/controllers/invoice_trails_controller.rb:4:in `index'
  haml (2.2.3) lib/sass/plugin/rails.rb:19:in `process'
  passenger (2.1.2) lib/phusion_passenger/rack/request_handler.rb:65:in `process_request'
  passenger (2.1.2) lib/phusion_passenger/abstract_request_handler.rb:197:in `main_loop'
  passenger (2.1.2) lib/phusion_passenger/railz/application_spawner.rb:340:in `start_request_handler'
  passenger (2.1.2) lib/phusion_passenger/railz/application_spawner.rb:298:in `handle_spawn_application'
  passenger (2.1.2) lib/phusion_passenger/utils.rb:176:in `safe_fork'
  passenger (2.1.2) lib/phusion_passenger/railz/application_spawner.rb:296:in `handle_spawn_application'
  passenger (2.1.2) lib/phusion_passenger/abstract_server.rb:332:in `__send__'
  passenger (2.1.2) lib/phusion_passenger/abstract_server.rb:332:in `main_loop'
  passenger (2.1.2) lib/phusion_passenger/abstract_server.rb:182:in `start_synchronously'
  passenger (2.1.2) lib/phusion_passenger/abstract_server.rb:149:in `start'
  passenger (2.1.2) lib/phusion_passenger/railz/application_spawner.rb:192:in `start'
  passenger (2.1.2) lib/phusion_passenger/spawn_manager.rb:260:in `spawn_rails_application'
  passenger (2.1.2) lib/phusion_passenger/abstract_server_collection.rb:121:in `lookup_or_add'
  passenger (2.1.2) lib/phusion_passenger/spawn_manager.rb:254:in `spawn_rails_application'
  passenger (2.1.2) lib/phusion_passenger/abstract_server_collection.rb:75:in `synchronize'
  passenger (2.1.2) lib/phusion_passenger/abstract_server_collection.rb:74:in `synchronize'
  passenger (2.1.2) lib/phusion_passenger/spawn_manager.rb:253:in `spawn_rails_application'
  passenger (2.1.2) lib/phusion_passenger/spawn_manager.rb:148:in `spawn_application'
  passenger (2.1.2) lib/phusion_passenger/spawn_manager.rb:285:in `handle_spawn_application'
  passenger (2.1.2) lib/phusion_passenger/abstract_server.rb:332:in `__send__'
  passenger (2.1.2) lib/phusion_passenger/abstract_server.rb:332:in `main_loop'
  passenger (2.1.2) lib/phusion_passenger/abstract_server.rb:182:in `start_synchronously'

Rendering rescues/layout (internal_server_error)


Processing InvoiceTrailsController#index (for 127.0.0.1 at 2009-09-07 17:25:29) [GET]

ActiveRecord::StatementInvalid (Could not find table 'invoice_trails'):
  app/controllers/invoice_trails_controller.rb:4:in `index'
  haml (2.2.3) lib/sass/plugin/rails.rb:19:in `process'
  passenger (2.1.2) lib/phusion_passenger/rack/request_handler.rb:65:in `process_request'
  passenger (2.1.2) lib/phusion_passenger/abstract_request_handler.rb:197:in `main_loop'
  passenger (2.1.2) lib/phusion_passenger/railz/application_spawner.rb:340:in `start_request_handler'
  passenger (2.1.2) lib/phusion_passenger/railz/application_spawner.rb:298:in `handle_spawn_application'
  passenger (2.1.2) lib/phusion_passenger/utils.rb:176:in `safe_fork'
  passenger (2.1.2) lib/phusion_passenger/railz/application_spawner.rb:296:in `handle_spawn_application'
  passenger (2.1.2) lib/phusion_passenger/abstract_server.rb:332:in `__send__'
  passenger (2.1.2) lib/phusion_passenger/abstract_server.rb:332:in `main_loop'
  passenger (2.1.2) lib/phusion_passenger/abstract_server.rb:182:in `start_synchronously'
  passenger (2.1.2) lib/phusion_passenger/abstract_server.rb:149:in `start'
  passenger (2.1.2) lib/phusion_passenger/railz/application_spawner.rb:192:in `start'
  passenger (2.1.2) lib/phusion_passenger/spawn_manager.rb:260:in `spawn_rails_application'
  passenger (2.1.2) lib/phusion_passenger/abstract_server_collection.rb:121:in `lookup_or_add'
  passenger (2.1.2) lib/phusion_passenger/spawn_manager.rb:254:in `spawn_rails_application'
  passenger (2.1.2) lib/phusion_passenger/abstract_server_collection.rb:75:in `synchronize'
  passenger (2.1.2) lib/phusion_passenger/abstract_server_collection.rb:74:in `synchronize'
  passenger (2.1.2) lib/phusion_passenger/spawn_manager.rb:253:in `spawn_rails_application'
  passenger (2.1.2) lib/phusion_passenger/spawn_manager.rb:148:in `spawn_application'
  passenger (2.1.2) lib/phusion_passenger/spawn_manager.rb:285:in `handle_spawn_application'
  passenger (2.1.2) lib/phusion_passenger/abstract_server.rb:332:in `__send__'
  passenger (2.1.2) lib/phusion_passenger/abstract_server.rb:332:in `main_loop'
  passenger (2.1.2) lib/phusion_passenger/abstract_server.rb:182:in `start_synchronously'

Rendering rescues/layout (internal_server_error)


Processing InvoiceTrailsController#index (for 127.0.0.1 at 2009-09-07 17:25:30) [GET]

ActiveRecord::StatementInvalid (Could not find table 'invoice_trails'):
  app/controllers/invoice_trails_controller.rb:4:in `index'
  haml (2.2.3) lib/sass/plugin/rails.rb:19:in `process'
  passenger (2.1.2) lib/phusion_passenger/rack/request_handler.rb:65:in `process_request'
  passenger (2.1.2) lib/phusion_passenger/abstract_request_handler.rb:197:in `main_loop'
  passenger (2.1.2) lib/phusion_passenger/railz/application_spawner.rb:340:in `start_request_handler'
  passenger (2.1.2) lib/phusion_passenger/railz/application_spawner.rb:298:in `handle_spawn_application'
  passenger (2.1.2) lib/phusion_passenger/utils.rb:176:in `safe_fork'
  passenger (2.1.2) lib/phusion_passenger/railz/application_spawner.rb:296:in `handle_spawn_application'
  passenger (2.1.2) lib/phusion_passenger/abstract_server.rb:332:in `__send__'
  passenger (2.1.2) lib/phusion_passenger/abstract_server.rb:332:in `main_loop'
  passenger (2.1.2) lib/phusion_passenger/abstract_server.rb:182:in `start_synchronously'
  passenger (2.1.2) lib/phusion_passenger/abstract_server.rb:149:in `start'
  passenger (2.1.2) lib/phusion_passenger/railz/application_spawner.rb:192:in `start'
  passenger (2.1.2) lib/phusion_passenger/spawn_manager.rb:260:in `spawn_rails_application'
  passenger (2.1.2) lib/phusion_passenger/abstract_server_collection.rb:121:in `lookup_or_add'
  passenger (2.1.2) lib/phusion_passenger/spawn_manager.rb:254:in `spawn_rails_application'
  passenger (2.1.2) lib/phusion_passenger/abstract_server_collection.rb:75:in `synchronize'
  passenger (2.1.2) lib/phusion_passenger/abstract_server_collection.rb:74:in `synchronize'
  passenger (2.1.2) lib/phusion_passenger/spawn_manager.rb:253:in `spawn_rails_application'
  passenger (2.1.2) lib/phusion_passenger/spawn_manager.rb:148:in `spawn_application'
  passenger (2.1.2) lib/phusion_passenger/spawn_manager.rb:285:in `handle_spawn_application'
  passenger (2.1.2) lib/phusion_passenger/abstract_server.rb:332:in `__send__'
  passenger (2.1.2) lib/phusion_passenger/abstract_server.rb:332:in `main_loop'
  passenger (2.1.2) lib/phusion_passenger/abstract_server.rb:182:in `start_synchronously'

Rendering rescues/layout (internal_server_error)


Processing InvoiceTrailsController#index (for 127.0.0.1 at 2009-09-07 17:25:38) [GET]
Rendering template within layouts/application
Rendering invoice_trails/index
Completed in 49ms (View: 43, DB: 0) | 200 OK [http://bios-invoice-manager.local/invoice_trails]


Processing ApplicationController#index (for 127.0.0.1 at 2009-09-07 17:25:38) [GET]

ActionController::RoutingError (No route matches "/javascripts/cachetrue.js" with {:method=>:get}):
  passenger (2.1.2) lib/phusion_passenger/rack/request_handler.rb:65:in `process_request'
  passenger (2.1.2) lib/phusion_passenger/abstract_request_handler.rb:197:in `main_loop'
  passenger (2.1.2) lib/phusion_passenger/railz/application_spawner.rb:340:in `start_request_handler'
  passenger (2.1.2) lib/phusion_passenger/railz/application_spawner.rb:298:in `handle_spawn_application'
  passenger (2.1.2) lib/phusion_passenger/utils.rb:176:in `safe_fork'
  passenger (2.1.2) lib/phusion_passenger/railz/application_spawner.rb:296:in `handle_spawn_application'
  passenger (2.1.2) lib/phusion_passenger/abstract_server.rb:332:in `__send__'
  passenger (2.1.2) lib/phusion_passenger/abstract_server.rb:332:in `main_loop'
  passenger (2.1.2) lib/phusion_passenger/abstract_server.rb:182:in `start_synchronously'
  passenger (2.1.2) lib/phusion_passenger/abstract_server.rb:149:in `start'
  passenger (2.1.2) lib/phusion_passenger/railz/application_spawner.rb:192:in `start'
  passenger (2.1.2) lib/phusion_passenger/spawn_manager.rb:260:in `spawn_rails_application'
  passenger (2.1.2) lib/phusion_passenger/abstract_server_collection.rb:121:in `lookup_or_add'
  passenger (2.1.2) lib/phusion_passenger/spawn_manager.rb:254:in `spawn_rails_application'
  passenger (2.1.2) lib/phusion_passenger/abstract_server_collection.rb:75:in `synchronize'
  passenger (2.1.2) lib/phusion_passenger/abstract_server_collection.rb:74:in `synchronize'
  passenger (2.1.2) lib/phusion_passenger/spawn_manager.rb:253:in `spawn_rails_application'
  passenger (2.1.2) lib/phusion_passenger/spawn_manager.rb:148:in `spawn_application'
  passenger (2.1.2) lib/phusion_passenger/spawn_manager.rb:285:in `handle_spawn_application'
  passenger (2.1.2) lib/phusion_passenger/abstract_server.rb:332:in `__send__'
  passenger (2.1.2) lib/phusion_passenger/abstract_server.rb:332:in `main_loop'
  passenger (2.1.2) lib/phusion_passenger/abstract_server.rb:182:in `start_synchronously'

Rendering rescues/layout (not_found)


Processing InvoiceTrailsController#index (for 127.0.0.1 at 2009-09-07 17:26:13) [GET]
Rendering template within layouts/application
Rendering invoice_trails/index
Completed in 50ms (View: 43, DB: 0) | 200 OK [http://bios-invoice-manager.local/invoice_trails]


Processing ApplicationController#index (for 127.0.0.1 at 2009-09-07 17:26:13) [GET]

ActionController::RoutingError (No route matches "/javascripts/cachetrue.js" with {:method=>:get}):
  passenger (2.1.2) lib/phusion_passenger/rack/request_handler.rb:65:in `process_request'
  passenger (2.1.2) lib/phusion_passenger/abstract_request_handler.rb:197:in `main_loop'
  passenger (2.1.2) lib/phusion_passenger/railz/application_spawner.rb:340:in `start_request_handler'
  passenger (2.1.2) lib/phusion_passenger/railz/application_spawner.rb:298:in `handle_spawn_application'
  passenger (2.1.2) lib/phusion_passenger/utils.rb:176:in `safe_fork'
  passenger (2.1.2) lib/phusion_passenger/railz/application_spawner.rb:296:in `handle_spawn_application'
  passenger (2.1.2) lib/phusion_passenger/abstract_server.rb:332:in `__send__'
  passenger (2.1.2) lib/phusion_passenger/abstract_server.rb:332:in `main_loop'
  passenger (2.1.2) lib/phusion_passenger/abstract_server.rb:182:in `start_synchronously'
  passenger (2.1.2) lib/phusion_passenger/abstract_server.rb:149:in `start'
  passenger (2.1.2) lib/phusion_passenger/railz/application_spawner.rb:192:in `start'
  passenger (2.1.2) lib/phusion_passenger/spawn_manager.rb:260:in `spawn_rails_application'
  passenger (2.1.2) lib/phusion_passenger/abstract_server_collection.rb:121:in `lookup_or_add'
  passenger (2.1.2) lib/phusion_passenger/spawn_manager.rb:254:in `spawn_rails_application'
  passenger (2.1.2) lib/phusion_passenger/abstract_server_collection.rb:75:in `synchronize'
  passenger (2.1.2) lib/phusion_passenger/abstract_server_collection.rb:74:in `synchronize'
  passenger (2.1.2) lib/phusion_passenger/spawn_manager.rb:253:in `spawn_rails_application'
  passenger (2.1.2) lib/phusion_passenger/spawn_manager.rb:148:in `spawn_application'
  passenger (2.1.2) lib/phusion_passenger/spawn_manager.rb:285:in `handle_spawn_application'
  passenger (2.1.2) lib/phusion_passenger/abstract_server.rb:332:in `__send__'
  passenger (2.1.2) lib/phusion_passenger/abstract_server.rb:332:in `main_loop'
  passenger (2.1.2) lib/phusion_passenger/abstract_server.rb:182:in `start_synchronously'

Rendering rescues/layout (not_found)


Processing InvoiceTrailsController#index (for 127.0.0.1 at 2009-09-07 17:26:17) [GET]
Rendering template within layouts/application
Rendering invoice_trails/index
Completed in 15ms (View: 11, DB: 1) | 200 OK [http://bios-invoice-manager.local/invoice_trails]


Processing ApplicationController#index (for 127.0.0.1 at 2009-09-07 17:26:17) [GET]

ActionController::RoutingError (No route matches "/javascripts/cachetrue.js" with {:method=>:get}):
  passenger (2.1.2) lib/phusion_passenger/rack/request_handler.rb:65:in `process_request'
  passenger (2.1.2) lib/phusion_passenger/abstract_request_handler.rb:197:in `main_loop'
  passenger (2.1.2) lib/phusion_passenger/railz/application_spawner.rb:340:in `start_request_handler'
  passenger (2.1.2) lib/phusion_passenger/railz/application_spawner.rb:298:in `handle_spawn_application'
  passenger (2.1.2) lib/phusion_passenger/utils.rb:176:in `safe_fork'
  passenger (2.1.2) lib/phusion_passenger/railz/application_spawner.rb:296:in `handle_spawn_application'
  passenger (2.1.2) lib/phusion_passenger/abstract_server.rb:332:in `__send__'
  passenger (2.1.2) lib/phusion_passenger/abstract_server.rb:332:in `main_loop'
  passenger (2.1.2) lib/phusion_passenger/abstract_server.rb:182:in `start_synchronously'
  passenger (2.1.2) lib/phusion_passenger/abstract_server.rb:149:in `start'
  passenger (2.1.2) lib/phusion_passenger/railz/application_spawner.rb:192:in `start'
  passenger (2.1.2) lib/phusion_passenger/spawn_manager.rb:260:in `spawn_rails_application'
  passenger (2.1.2) lib/phusion_passenger/abstract_server_collection.rb:121:in `lookup_or_add'
  passenger (2.1.2) lib/phusion_passenger/spawn_manager.rb:254:in `spawn_rails_application'
  passenger (2.1.2) lib/phusion_passenger/abstract_server_collection.rb:75:in `synchronize'
  passenger (2.1.2) lib/phusion_passenger/abstract_server_collection.rb:74:in `synchronize'
  passenger (2.1.2) lib/phusion_passenger/spawn_manager.rb:253:in `spawn_rails_application'
  passenger (2.1.2) lib/phusion_passenger/spawn_manager.rb:148:in `spawn_application'
  passenger (2.1.2) lib/phusion_passenger/spawn_manager.rb:285:in `handle_spawn_application'
  passenger (2.1.2) lib/phusion_passenger/abstract_server.rb:332:in `__send__'
  passenger (2.1.2) lib/phusion_passenger/abstract_server.rb:332:in `main_loop'
  passenger (2.1.2) lib/phusion_passenger/abstract_server.rb:182:in `start_synchronously'

Rendering rescues/layout (not_found)


Processing InvoiceTrailsController#index (for 127.0.0.1 at 2009-09-07 17:26:19) [GET]
Rendering template within layouts/application
Rendering invoice_trails/index
Completed in 13ms (View: 10, DB: 1) | 200 OK [http://bios-invoice-manager.local/invoice_trails]


Processing ApplicationController#index (for 127.0.0.1 at 2009-09-07 17:26:19) [GET]

ActionController::RoutingError (No route matches "/javascripts/cachetrue.js" with {:method=>:get}):
  passenger (2.1.2) lib/phusion_passenger/rack/request_handler.rb:65:in `process_request'
  passenger (2.1.2) lib/phusion_passenger/abstract_request_handler.rb:197:in `main_loop'
  passenger (2.1.2) lib/phusion_passenger/railz/application_spawner.rb:340:in `start_request_handler'
  passenger (2.1.2) lib/phusion_passenger/railz/application_spawner.rb:298:in `handle_spawn_application'
  passenger (2.1.2) lib/phusion_passenger/utils.rb:176:in `safe_fork'
  passenger (2.1.2) lib/phusion_passenger/railz/application_spawner.rb:296:in `handle_spawn_application'
  passenger (2.1.2) lib/phusion_passenger/abstract_server.rb:332:in `__send__'
  passenger (2.1.2) lib/phusion_passenger/abstract_server.rb:332:in `main_loop'
  passenger (2.1.2) lib/phusion_passenger/abstract_server.rb:182:in `start_synchronously'
  passenger (2.1.2) lib/phusion_passenger/abstract_server.rb:149:in `start'
  passenger (2.1.2) lib/phusion_passenger/railz/application_spawner.rb:192:in `start'
  passenger (2.1.2) lib/phusion_passenger/spawn_manager.rb:260:in `spawn_rails_application'
  passenger (2.1.2) lib/phusion_passenger/abstract_server_collection.rb:121:in `lookup_or_add'
  passenger (2.1.2) lib/phusion_passenger/spawn_manager.rb:254:in `spawn_rails_application'
  passenger (2.1.2) lib/phusion_passenger/abstract_server_collection.rb:75:in `synchronize'
  passenger (2.1.2) lib/phusion_passenger/abstract_server_collection.rb:74:in `synchronize'
  passenger (2.1.2) lib/phusion_passenger/spawn_manager.rb:253:in `spawn_rails_application'
  passenger (2.1.2) lib/phusion_passenger/spawn_manager.rb:148:in `spawn_application'
  passenger (2.1.2) lib/phusion_passenger/spawn_manager.rb:285:in `handle_spawn_application'
  passenger (2.1.2) lib/phusion_passenger/abstract_server.rb:332:in `__send__'
  passenger (2.1.2) lib/phusion_passenger/abstract_server.rb:332:in `main_loop'
  passenger (2.1.2) lib/phusion_passenger/abstract_server.rb:182:in `start_synchronously'

Rendering rescues/layout (not_found)


Processing InvoiceTrailsController#index (for 127.0.0.1 at 2009-09-07 17:26:37) [GET]
Rendering template within layouts/application
Rendering invoice_trails/index
Completed in 16ms (View: 13, DB: 1) | 200 OK [http://bios-invoice-manager.local/invoice_trails]


Processing ApplicationController#index (for 127.0.0.1 at 2009-09-07 17:26:37) [GET]

ActionController::RoutingError (No route matches "/javascripts/cachetrue.js" with {:method=>:get}):
  passenger (2.1.2) lib/phusion_passenger/rack/request_handler.rb:65:in `process_request'
  passenger (2.1.2) lib/phusion_passenger/abstract_request_handler.rb:197:in `main_loop'
  passenger (2.1.2) lib/phusion_passenger/railz/application_spawner.rb:340:in `start_request_handler'
  passenger (2.1.2) lib/phusion_passenger/railz/application_spawner.rb:298:in `handle_spawn_application'
  passenger (2.1.2) lib/phusion_passenger/utils.rb:176:in `safe_fork'
  passenger (2.1.2) lib/phusion_passenger/railz/application_spawner.rb:296:in `handle_spawn_application'
  passenger (2.1.2) lib/phusion_passenger/abstract_server.rb:332:in `__send__'
  passenger (2.1.2) lib/phusion_passenger/abstract_server.rb:332:in `main_loop'
  passenger (2.1.2) lib/phusion_passenger/abstract_server.rb:182:in `start_synchronously'
  passenger (2.1.2) lib/phusion_passenger/abstract_server.rb:149:in `start'
  passenger (2.1.2) lib/phusion_passenger/railz/application_spawner.rb:192:in `start'
  passenger (2.1.2) lib/phusion_passenger/spawn_manager.rb:260:in `spawn_rails_application'
  passenger (2.1.2) lib/phusion_passenger/abstract_server_collection.rb:121:in `lookup_or_add'
  passenger (2.1.2) lib/phusion_passenger/spawn_manager.rb:254:in `spawn_rails_application'
  passenger (2.1.2) lib/phusion_passenger/abstract_server_collection.rb:75:in `synchronize'
  passenger (2.1.2) lib/phusion_passenger/abstract_server_collection.rb:74:in `synchronize'
  passenger (2.1.2) lib/phusion_passenger/spawn_manager.rb:253:in `spawn_rails_application'
  passenger (2.1.2) lib/phusion_passenger/spawn_manager.rb:148:in `spawn_application'
  passenger (2.1.2) lib/phusion_passenger/spawn_manager.rb:285:in `handle_spawn_application'
  passenger (2.1.2) lib/phusion_passenger/abstract_server.rb:332:in `__send__'
  passenger (2.1.2) lib/phusion_passenger/abstract_server.rb:332:in `main_loop'
  passenger (2.1.2) lib/phusion_passenger/abstract_server.rb:182:in `start_synchronously'

Rendering rescues/layout (not_found)


Processing InvoiceTrailsController#index (for 127.0.0.1 at 2009-09-07 17:26:39) [GET]
Rendering template within layouts/application
Rendering invoice_trails/index
Completed in 13ms (View: 10, DB: 1) | 200 OK [http://bios-invoice-manager.local/invoice_trails]


Processing ApplicationController#index (for 127.0.0.1 at 2009-09-07 17:26:39) [GET]

ActionController::RoutingError (No route matches "/javascripts/cachetrue.js" with {:method=>:get}):
  passenger (2.1.2) lib/phusion_passenger/rack/request_handler.rb:65:in `process_request'
  passenger (2.1.2) lib/phusion_passenger/abstract_request_handler.rb:197:in `main_loop'
  passenger (2.1.2) lib/phusion_passenger/railz/application_spawner.rb:340:in `start_request_handler'
  passenger (2.1.2) lib/phusion_passenger/railz/application_spawner.rb:298:in `handle_spawn_application'
  passenger (2.1.2) lib/phusion_passenger/utils.rb:176:in `safe_fork'
  passenger (2.1.2) lib/phusion_passenger/railz/application_spawner.rb:296:in `handle_spawn_application'
  passenger (2.1.2) lib/phusion_passenger/abstract_server.rb:332:in `__send__'
  passenger (2.1.2) lib/phusion_passenger/abstract_server.rb:332:in `main_loop'
  passenger (2.1.2) lib/phusion_passenger/abstract_server.rb:182:in `start_synchronously'
  passenger (2.1.2) lib/phusion_passenger/abstract_server.rb:149:in `start'
  passenger (2.1.2) lib/phusion_passenger/railz/application_spawner.rb:192:in `start'
  passenger (2.1.2) lib/phusion_passenger/spawn_manager.rb:260:in `spawn_rails_application'
  passenger (2.1.2) lib/phusion_passenger/abstract_server_collection.rb:121:in `lookup_or_add'
  passenger (2.1.2) lib/phusion_passenger/spawn_manager.rb:254:in `spawn_rails_application'
  passenger (2.1.2) lib/phusion_passenger/abstract_server_collection.rb:75:in `synchronize'
  passenger (2.1.2) lib/phusion_passenger/abstract_server_collection.rb:74:in `synchronize'
  passenger (2.1.2) lib/phusion_passenger/spawn_manager.rb:253:in `spawn_rails_application'
  passenger (2.1.2) lib/phusion_passenger/spawn_manager.rb:148:in `spawn_application'
  passenger (2.1.2) lib/phusion_passenger/spawn_manager.rb:285:in `handle_spawn_application'
  passenger (2.1.2) lib/phusion_passenger/abstract_server.rb:332:in `__send__'
  passenger (2.1.2) lib/phusion_passenger/abstract_server.rb:332:in `main_loop'
  passenger (2.1.2) lib/phusion_passenger/abstract_server.rb:182:in `start_synchronously'

Rendering rescues/layout (not_found)


Processing InvoiceTrailsController#index (for 127.0.0.1 at 2009-09-07 17:26:40) [GET]
Rendering template within layouts/application
Rendering invoice_trails/index
Completed in 13ms (View: 10, DB: 1) | 200 OK [http://bios-invoice-manager.local/invoice_trails]


Processing ApplicationController#index (for 127.0.0.1 at 2009-09-07 17:26:40) [GET]

ActionController::RoutingError (No route matches "/javascripts/cachetrue.js" with {:method=>:get}):
  passenger (2.1.2) lib/phusion_passenger/rack/request_handler.rb:65:in `process_request'
  passenger (2.1.2) lib/phusion_passenger/abstract_request_handler.rb:197:in `main_loop'
  passenger (2.1.2) lib/phusion_passenger/railz/application_spawner.rb:340:in `start_request_handler'
  passenger (2.1.2) lib/phusion_passenger/railz/application_spawner.rb:298:in `handle_spawn_application'
  passenger (2.1.2) lib/phusion_passenger/utils.rb:176:in `safe_fork'
  passenger (2.1.2) lib/phusion_passenger/railz/application_spawner.rb:296:in `handle_spawn_application'
  passenger (2.1.2) lib/phusion_passenger/abstract_server.rb:332:in `__send__'
  passenger (2.1.2) lib/phusion_passenger/abstract_server.rb:332:in `main_loop'
  passenger (2.1.2) lib/phusion_passenger/abstract_server.rb:182:in `start_synchronously'
  passenger (2.1.2) lib/phusion_passenger/abstract_server.rb:149:in `start'
  passenger (2.1.2) lib/phusion_passenger/railz/application_spawner.rb:192:in `start'
  passenger (2.1.2) lib/phusion_passenger/spawn_manager.rb:260:in `spawn_rails_application'
  passenger (2.1.2) lib/phusion_passenger/abstract_server_collection.rb:121:in `lookup_or_add'
  passenger (2.1.2) lib/phusion_passenger/spawn_manager.rb:254:in `spawn_rails_application'
  passenger (2.1.2) lib/phusion_passenger/abstract_server_collection.rb:75:in `synchronize'
  passenger (2.1.2) lib/phusion_passenger/abstract_server_collection.rb:74:in `synchronize'
  passenger (2.1.2) lib/phusion_passenger/spawn_manager.rb:253:in `spawn_rails_application'
  passenger (2.1.2) lib/phusion_passenger/spawn_manager.rb:148:in `spawn_application'
  passenger (2.1.2) lib/phusion_passenger/spawn_manager.rb:285:in `handle_spawn_application'
  passenger (2.1.2) lib/phusion_passenger/abstract_server.rb:332:in `__send__'
  passenger (2.1.2) lib/phusion_passenger/abstract_server.rb:332:in `main_loop'
  passenger (2.1.2) lib/phusion_passenger/abstract_server.rb:182:in `start_synchronously'

Rendering rescues/layout (not_found)


Processing InvoiceTrailsController#index (for 127.0.0.1 at 2009-09-07 17:26:51) [GET]
Rendering template within layouts/application
Rendering invoice_trails/index
Completed in 49ms (View: 42, DB: 0) | 200 OK [http://bios-invoice-manager.local/invoice_trails]


Processing InvoiceTrailsController#new (for 127.0.0.1 at 2009-09-07 17:27:05) [GET]
Rendering template within layouts/application
Rendering invoice_trails/new
Completed in 91ms (View: 91, DB: 0) | 200 OK [http://bios-invoice-manager.local/invoice_trails/new]


Processing InvoiceTrailsController#index (for 127.0.0.1 at 2009-09-07 17:27:08) [GET]
Rendering template within layouts/application
Rendering invoice_trails/index
Completed in 14ms (View: 11, DB: 1) | 200 OK [http://bios-invoice-manager.local/invoice_trails]


Processing InvoiceTrailsController#index (for 127.0.0.1 at 2009-09-07 17:27:44) [GET]
Rendering template within layouts/application
Rendering invoice_trails/index
Completed in 12ms (View: 9, DB: 1) | 200 OK [http://bios-invoice-manager.local/invoice_trails]
